\BOOKMARK [0][]{chapter.1}{\376\377\0001\000\040\136\246\221\317\172\172\225\364}{}% 1
\BOOKMARK [1][]{section.1.1}{\376\377\0001\000.\0001\000\040\123\213\177\051\146\040\134\004\123\237\164\006}{chapter.1}% 2
\BOOKMARK [1][]{section.1.2}{\376\377\0001\000.\0002\000\040\133\214\131\007\123\026}{chapter.1}% 3
\BOOKMARK [1][]{section.1.3}{\376\377\0001\000.\0003\000\040\175\047\140\047\143\250\164\006}{chapter.1}% 4
\BOOKMARK [1][]{section.1.4}{\376\377\0001\000.\0004\000\040\215\113\203\003\176\277\140\047\172\172\225\364}{chapter.1}% 5
\BOOKMARK [2][]{subsection.1.4.1}{\376\377\0001\000.\0004\000.\0001\000\040\000B\000a\000n\000a\000c\000h\172\172\225\364}{section.1.4}% 6
\BOOKMARK [2][]{subsection.1.4.2}{\376\377\0001\000.\0004\000.\0002\000\040\203\003\145\160\173\111\116\367}{section.1.4}% 7
\BOOKMARK [2][]{subsection.1.4.3}{\376\377\0001\000.\0004\000.\0003\000\040\125\106\172\172\225\364}{section.1.4}% 8
\BOOKMARK [1][]{section.1.5}{\376\377\0001\000.\0005\000\040\121\205\171\357\172\172\225\364}{chapter.1}% 9
\BOOKMARK [2][]{subsection.1.5.1}{\376\377\0001\000.\0005\000.\0001\000\040\000H\000i\000l\000b\000e\000r\000t\172\172\225\364}{section.1.5}% 10
\BOOKMARK [2][]{subsection.1.5.2}{\376\377\0001\000.\0005\000.\0002\000\040\153\143\116\244\116\016\153\143\116\244\127\372}{section.1.5}% 11
\BOOKMARK [2][]{subsection.1.5.3}{\376\377\0001\000.\0005\000.\0003\000\040\153\143\116\244\123\026\116\016\124\014\147\204}{section.1.5}% 12
\BOOKMARK [1][]{section.1.6}{\376\377\0001\000.\0006\000\040\136\224\165\050\377\032\000F\000o\000u\000r\000i\000e\000r\176\247\145\160}{chapter.1}% 13
\BOOKMARK [0][]{chapter.2}{\376\377\0002\000\040\176\277\140\047\173\227\133\120\116\016\176\277\140\047\154\333\121\375}{}% 14
\BOOKMARK [1][]{section.2.1}{\376\377\0002\000.\0001\000\040\176\277\140\047\173\227\133\120}{chapter.2}% 15
\BOOKMARK [2][]{subsection.2.1.1}{\376\377\0002\000.\0001\000.\0001\000\040\147\011\165\114\176\277\140\047\173\227\133\120}{section.2.1}% 16
\BOOKMARK [2][]{subsection.2.1.2}{\376\377\0002\000.\0001\000.\0002\000\040\173\227\133\120\203\003\145\160}{section.2.1}% 17
\BOOKMARK [1][]{section.2.2}{\376\377\0002\000.\0002\000\040\000R\000i\000e\000s\000z\210\150\171\072\133\232\164\006}{chapter.2}% 18
\BOOKMARK [1][]{section.2.3}{\376\377\0002\000.\0003\000\040\000B\000a\000i\000r\000e\176\262\133\232\164\006}{chapter.2}% 19
\BOOKMARK [1][]{section.2.4}{\376\377\0002\000.\0004\000\040\121\161\236\043\133\232\164\006}{chapter.2}% 20
\BOOKMARK [1][]{section.2.5}{\376\377\0002\000.\0005\000\040\137\000\146\040\134\004\133\232\164\006}{chapter.2}% 21
\BOOKMARK [1][]{section.2.6}{\376\377\0002\000.\0006\000\040\225\355\126\376\120\317\133\232\164\006}{chapter.2}% 22
\BOOKMARK [1][]{section.2.7}{\376\377\0002\000.\0007\000\040\000H\000a\000h\000n\000-\000B\000a\000n\000a\000c\000h\133\232\164\006}{chapter.2}% 23
\BOOKMARK [2][]{subsection.2.7.1}{\376\377\0002\000.\0007\000.\0001\000\040\116\343\145\160\137\142\137\017\040\024\040\024\176\277\140\047\154\333\121\375\166\204\136\366\142\323}{section.2.7}% 24
\BOOKMARK [2][]{subsection.2.7.2}{\376\377\0002\000.\0007\000.\0002\000\040\121\340\117\125\137\142\137\017\040\024\040\024\121\370\226\306\122\006\171\273}{section.2.7}% 25
\BOOKMARK [1][]{section.2.8}{\376\377\0002\000.\0008\000\040\133\371\120\166\172\172\225\364\060\001\201\352\123\315\172\172\225\364\060\001\137\061\145\066\145\133}{chapter.2}% 26
\BOOKMARK [2][]{subsection.2.8.1}{\376\377\0002\000.\0008\000.\0001\000\040\133\371\120\166\172\172\225\364}{section.2.8}% 27
\BOOKMARK [2][]{subsection.2.8.2}{\376\377\0002\000.\0008\000.\0002\000\040\201\352\123\315\172\172\225\364}{section.2.8}% 28
\BOOKMARK [2][]{subsection.2.8.3}{\376\377\0002\000.\0008\000.\0003\000\040\137\061\145\066\145\133}{section.2.8}% 29
\BOOKMARK [0][]{chapter.3}{\376\377\0003\000\040\214\061\164\006\213\272}{}% 30
\BOOKMARK [1][]{section.3.1}{\376\377\0003\000.\0001\000\040\214\061}{chapter.3}% 31
\BOOKMARK [2][]{subsection.3.1.1}{\376\377\0003\000.\0001\000.\0001\000\040\214\061\166\204\133\232\116\111\116\016\117\213\133\120}{section.3.1}% 32
\BOOKMARK [2][]{subsection.3.1.2}{\376\377\0003\000.\0001\000.\0002\000\040\214\061\166\204\127\372\147\054\140\047\215\050}{section.3.1}% 33
\BOOKMARK [1][]{section.3.2}{\376\377\0003\000.\0002\000\040\175\047\173\227\133\120\166\204\214\061}{chapter.3}% 34
\BOOKMARK [2][]{subsection.3.2.1}{\376\377\0003\000.\0002\000.\0001\000\040\175\047\173\227\133\120}{section.3.2}% 35
\BOOKMARK [2][]{subsection.3.2.2}{\376\377\0003\000.\0002\000.\0002\000\040\000R\000i\000e\000s\000z\000-\000F\000r\000e\000d\000h\000o\000l\000m\133\232\164\006}{section.3.2}% 36
\BOOKMARK [2][]{subsection.3.2.3}{\376\377\0003\000.\0002\000.\0003\000\040\000R\000i\000e\000s\000z\000-\000S\000c\000h\000a\000u\000d\000e\000r\133\232\164\006}{section.3.2}% 37
\BOOKMARK [0][]{chapter.4}{\376\377\0004\000\040\117\134\116\032\154\107\140\073}{}% 38
\BOOKMARK [1][]{section.4.1}{\376\377\0004\000.\0001\000\040\173\054\116\000\172\340}{chapter.4}% 39
\BOOKMARK [1][]{section.4.2}{\376\377\0004\000.\0002\000\040\173\054\116\214\172\340}{chapter.4}% 40
\BOOKMARK [2][]{subsection.4.2.1}{\376\377\0004\000.\0002\000.\0001\000\040\176\277\140\047\173\227\133\120}{section.4.2}% 41
\BOOKMARK [2][]{subsection.4.2.2}{\376\377\0004\000.\0002\000.\0002\000\040\000R\000i\000e\000s\000z\210\150\171\072\133\232\164\006}{section.4.2}% 42
\BOOKMARK [2][]{subsection.4.2.3}{\376\377\0004\000.\0002\000.\0003\000\040\000B\000a\000i\000r\000e\176\262\133\232\164\006}{section.4.2}% 43
\BOOKMARK [2][]{subsection.4.2.4}{\376\377\0004\000.\0002\000.\0004\000\040\121\161\236\043\133\232\164\006}{section.4.2}% 44
\BOOKMARK [2][]{subsection.4.2.5}{\376\377\0004\000.\0002\000.\0005\000\040\137\000\146\040\134\004\133\232\164\006}{section.4.2}% 45
\BOOKMARK [2][]{subsection.4.2.6}{\376\377\0004\000.\0002\000.\0006\000\040\225\355\126\376\120\317\133\232\164\006}{section.4.2}% 46
\BOOKMARK [2][]{subsection.4.2.7}{\376\377\0004\000.\0002\000.\0007\000\040\000H\000a\000h\000n\000-\000B\000a\000n\000a\000c\000h\133\232\164\006}{section.4.2}% 47
\BOOKMARK [2][]{subsection.4.2.8}{\376\377\0004\000.\0002\000.\0008\000\040\133\371\120\166\172\172\225\364\060\001\201\352\123\315\172\172\225\364\060\001\137\061\145\066\145\133}{section.4.2}% 48
\BOOKMARK [1][]{section.4.3}{\376\377\0004\000.\0003\000\040\173\054\116\011\172\340}{chapter.4}% 49
\BOOKMARK [1][]{section.4.4}{\376\377\0004\000.\0004\000\040\147\037\147\053\131\015\116\140\166\370\121\163}{chapter.4}% 50
\BOOKMARK [2][]{subsection.4.4.1}{\376\377\0004\000.\0004\000.\0001\000\040\220\350\122\006\137\200\136\164\147\037\147\053\230\230}{section.4.4}% 51
\BOOKMARK [2][]{subsection.4.4.2}{\376\377\0004\000.\0004\000.\0002\000\040\121\166\133\203}{section.4.4}% 52
